{"/mnt/d/Personal Documents/Development/finance-rn/components/StyledText.js": {"path":"/mnt/d/Personal Documents/Development/finance-rn/components/StyledText.js","statementMap":{"0":{"start":{"line":5,"column":2},"end":{"line":5,"column":81}}},"fnMap":{"0":{"name":"MonoText","decl":{"start":{"line":4,"column":16},"end":{"line":4,"column":24}},"loc":{"start":{"line":4,"column":32},"end":{"line":6,"column":1}},"line":4}},"branchMap":{},"s":{"0":1},"f":{"0":1},"b":{},"_coverageSchema":"1a1c01bbd47fc00a2c39e90264f33305004495a9","hash":"17c9021b2e05df9538b03069058ee79d5b8433e8"}
}
